2022-02-17 16:09:33,438 [Worker-2: Loading available Gradle versions] INFO  o.e.b.c.i.u.g.PublishedGradleVersions - Gradle version information cache is up-to-date. Trying to read.
2022-02-17 16:10:07,797 [Worker-3: Updating Maven Dependencies] INFO  o.e.m.c.i.l.LifecycleMappingFactory - Using org.eclipse.m2e.jdt.JarLifecycleMapping lifecycle mapping for MavenProject: example:FizzBuzzWhiteboard:0.0.1-SNAPSHOT @ D:\Revature\git_repos\2112-dec13-java-enterprise\10-whiteboard-projects\FizzBuzzWhiteboard\pom.xml.
2022-02-17 16:10:07,797 [Worker-8: Building] INFO  o.e.m.c.i.l.LifecycleMappingFactory - Using org.eclipse.m2e.jdt.JarLifecycleMapping lifecycle mapping for MavenProject: example:FizzBuzzWhiteboard:0.0.1-SNAPSHOT @ D:\Revature\git_repos\2112-dec13-java-enterprise\10-whiteboard-projects\FizzBuzzWhiteboard\pom.xml.
2022-02-17 16:10:08,412 [Worker-3: Updating Maven Dependencies] INFO  o.e.m.c.i.e.AbstractTransferListenerAdapter - Downloading https://repo.maven.apache.org/maven2/junit/junit/4.13.2/junit-4.13.2.pom
2022-02-17 16:10:08,431 [Worker-8: Building] INFO  o.e.m.c.i.e.AbstractTransferListenerAdapter - Downloading https://repo.maven.apache.org/maven2/junit/junit/4.13.2/junit-4.13.2.pom
2022-02-17 16:10:08,462 [Worker-3: Updating Maven Dependencies] INFO  o.e.m.c.i.e.AbstractTransferListenerAdapter - Downloaded https://repo.maven.apache.org/maven2/junit/junit/4.13.2/junit-4.13.2.pom
2022-02-17 16:10:08,464 [Worker-8: Building] INFO  o.e.m.c.i.e.AbstractTransferListenerAdapter - Downloaded https://repo.maven.apache.org/maven2/junit/junit/4.13.2/junit-4.13.2.pom
2022-02-17 16:10:08,495 [Worker-8: Building] INFO  o.e.m.c.i.e.AbstractTransferListenerAdapter - Downloading https://repo.maven.apache.org/maven2/org/hamcrest/hamcrest-core/1.3/hamcrest-core-1.3.pom
2022-02-17 16:10:08,498 [Worker-3: Updating Maven Dependencies] INFO  o.e.m.c.i.e.AbstractTransferListenerAdapter - Downloading https://repo.maven.apache.org/maven2/org/hamcrest/hamcrest-core/1.3/hamcrest-core-1.3.pom
2022-02-17 16:10:08,519 [Worker-8: Building] INFO  o.e.m.c.i.e.AbstractTransferListenerAdapter - Downloaded https://repo.maven.apache.org/maven2/org/hamcrest/hamcrest-core/1.3/hamcrest-core-1.3.pom
2022-02-17 16:10:08,526 [Worker-3: Updating Maven Dependencies] INFO  o.e.m.c.i.e.AbstractTransferListenerAdapter - Downloaded https://repo.maven.apache.org/maven2/org/hamcrest/hamcrest-core/1.3/hamcrest-core-1.3.pom
2022-02-17 16:10:08,547 [Worker-8: Building] INFO  o.e.m.c.i.e.AbstractTransferListenerAdapter - Downloading https://repo.maven.apache.org/maven2/org/hamcrest/hamcrest-parent/1.3/hamcrest-parent-1.3.pom
2022-02-17 16:10:08,548 [Worker-3: Updating Maven Dependencies] INFO  o.e.m.c.i.e.AbstractTransferListenerAdapter - Downloading https://repo.maven.apache.org/maven2/org/hamcrest/hamcrest-parent/1.3/hamcrest-parent-1.3.pom
2022-02-17 16:10:08,575 [Worker-3: Updating Maven Dependencies] INFO  o.e.m.c.i.e.AbstractTransferListenerAdapter - Downloaded https://repo.maven.apache.org/maven2/org/hamcrest/hamcrest-parent/1.3/hamcrest-parent-1.3.pom
2022-02-17 16:10:08,578 [Worker-8: Building] INFO  o.e.m.c.i.e.AbstractTransferListenerAdapter - Downloaded https://repo.maven.apache.org/maven2/org/hamcrest/hamcrest-parent/1.3/hamcrest-parent-1.3.pom
2022-02-17 16:10:08,600 [AetherRepositoryConnector-repo.maven.apache.org-0-1] INFO  o.e.m.c.i.e.AbstractTransferListenerAdapter - Downloading https://repo.maven.apache.org/maven2/org/hamcrest/hamcrest-core/1.3/hamcrest-core-1.3.jar
2022-02-17 16:10:08,605 [AetherRepositoryConnector-repo.maven.apache.org-1-1] INFO  o.e.m.c.i.e.AbstractTransferListenerAdapter - Downloading https://repo.maven.apache.org/maven2/org/hamcrest/hamcrest-core/1.3/hamcrest-core-1.3.jar
2022-02-17 16:10:08,614 [AetherRepositoryConnector-repo.maven.apache.org-1-0] INFO  o.e.m.c.i.e.AbstractTransferListenerAdapter - Downloading https://repo.maven.apache.org/maven2/junit/junit/4.13.2/junit-4.13.2.jar
2022-02-17 16:10:08,619 [AetherRepositoryConnector-repo.maven.apache.org-0-0] INFO  o.e.m.c.i.e.AbstractTransferListenerAdapter - Downloading https://repo.maven.apache.org/maven2/junit/junit/4.13.2/junit-4.13.2.jar
2022-02-17 16:10:08,662 [AetherRepositoryConnector-repo.maven.apache.org-1-1] INFO  o.e.m.c.i.e.AbstractTransferListenerAdapter - Downloaded https://repo.maven.apache.org/maven2/org/hamcrest/hamcrest-core/1.3/hamcrest-core-1.3.jar
2022-02-17 16:10:08,668 [AetherRepositoryConnector-repo.maven.apache.org-0-1] INFO  o.e.m.c.i.e.AbstractTransferListenerAdapter - Downloaded https://repo.maven.apache.org/maven2/org/hamcrest/hamcrest-core/1.3/hamcrest-core-1.3.jar
2022-02-17 16:10:08,686 [AetherRepositoryConnector-repo.maven.apache.org-1-0] INFO  o.e.m.c.i.e.AbstractTransferListenerAdapter - Downloaded https://repo.maven.apache.org/maven2/junit/junit/4.13.2/junit-4.13.2.jar
2022-02-17 16:10:08,696 [AetherRepositoryConnector-repo.maven.apache.org-0-0] INFO  o.e.m.c.i.e.AbstractTransferListenerAdapter - Downloaded https://repo.maven.apache.org/maven2/junit/junit/4.13.2/junit-4.13.2.jar
2022-02-17 16:10:09,182 [Worker-8: Building] WARN  o.e.m.c.i.embedder.EclipseLogger - Using platform encoding (Cp1252 actually) to copy filtered resources, i.e. build is platform dependent!
2022-02-17 16:10:09,183 [Worker-8: Building] INFO  o.e.m.c.i.embedder.EclipseLogger - skip non existing resourceDirectory D:\Revature\git_repos\2112-dec13-java-enterprise\10-whiteboard-projects\FizzBuzzWhiteboard\src\main\resources
2022-02-17 16:10:09,185 [Worker-8: Building] WARN  o.e.m.c.i.embedder.EclipseLogger - Using platform encoding (Cp1252 actually) to copy filtered resources, i.e. build is platform dependent!
2022-02-17 16:10:09,185 [Worker-8: Building] INFO  o.e.m.c.i.embedder.EclipseLogger - skip non existing resourceDirectory D:\Revature\git_repos\2112-dec13-java-enterprise\10-whiteboard-projects\FizzBuzzWhiteboard\src\test\resources
2022-02-17 16:10:10,205 [Worker-9: Download sources and javadoc] INFO  o.e.m.c.i.e.AbstractTransferListenerAdapter - Downloading https://repo.maven.apache.org/maven2/junit/junit/4.13.2/junit-4.13.2-sources.jar
2022-02-17 16:10:10,299 [Worker-9: Download sources and javadoc] INFO  o.e.m.c.i.e.AbstractTransferListenerAdapter - Downloaded https://repo.maven.apache.org/maven2/junit/junit/4.13.2/junit-4.13.2-sources.jar
2022-02-17 16:10:10,301 [Worker-9: Download sources and javadoc] INFO  o.e.m.j.internal.DownloadSourcesJob - Downloaded sources for junit:junit:4.13.2
2022-02-17 16:10:10,408 [Worker-9: Download sources and javadoc] INFO  o.e.m.c.i.e.AbstractTransferListenerAdapter - Downloading https://repo.maven.apache.org/maven2/org/hamcrest/hamcrest-core/1.3/hamcrest-core-1.3-sources.jar
2022-02-17 16:10:10,463 [Worker-9: Download sources and javadoc] INFO  o.e.m.c.i.e.AbstractTransferListenerAdapter - Downloaded https://repo.maven.apache.org/maven2/org/hamcrest/hamcrest-core/1.3/hamcrest-core-1.3-sources.jar
2022-02-17 16:10:10,465 [Worker-9: Download sources and javadoc] INFO  o.e.m.j.internal.DownloadSourcesJob - Downloaded sources for org.hamcrest:hamcrest-core:1.3
2022-02-17 16:10:10,595 [Worker-0: Updating Maven Dependencies] INFO  o.e.m.c.i.l.LifecycleMappingFactory - Using org.eclipse.m2e.jdt.JarLifecycleMapping lifecycle mapping for MavenProject: example:FizzBuzzWhiteboard:0.0.1-SNAPSHOT @ D:\Revature\git_repos\2112-dec13-java-enterprise\10-whiteboard-projects\FizzBuzzWhiteboard\pom.xml.
2022-02-17 16:10:11,405 [Worker-4: Building] WARN  o.e.m.c.i.embedder.EclipseLogger - Using platform encoding (Cp1252 actually) to copy filtered resources, i.e. build is platform dependent!
2022-02-17 16:10:11,406 [Worker-4: Building] INFO  o.e.m.c.i.embedder.EclipseLogger - skip non existing resourceDirectory D:\Revature\git_repos\2112-dec13-java-enterprise\10-whiteboard-projects\FizzBuzzWhiteboard\src\main\resources
2022-02-17 16:10:11,408 [Worker-4: Building] WARN  o.e.m.c.i.embedder.EclipseLogger - Using platform encoding (Cp1252 actually) to copy filtered resources, i.e. build is platform dependent!
2022-02-17 16:10:11,408 [Worker-4: Building] INFO  o.e.m.c.i.embedder.EclipseLogger - skip non existing resourceDirectory D:\Revature\git_repos\2112-dec13-java-enterprise\10-whiteboard-projects\FizzBuzzWhiteboard\src\test\resources
2022-02-17 16:13:07,172 [Worker-6: Building] WARN  o.e.m.c.i.embedder.EclipseLogger - Using platform encoding (Cp1252 actually) to copy filtered resources, i.e. build is platform dependent!
2022-02-17 16:13:07,173 [Worker-6: Building] INFO  o.e.m.c.i.embedder.EclipseLogger - skip non existing resourceDirectory D:\Revature\git_repos\2112-dec13-java-enterprise\10-whiteboard-projects\FizzBuzzWhiteboard\src\main\resources
2022-02-17 16:13:07,173 [Worker-6: Building] WARN  o.e.m.c.i.embedder.EclipseLogger - Using platform encoding (Cp1252 actually) to copy filtered resources, i.e. build is platform dependent!
2022-02-17 16:13:07,174 [Worker-6: Building] INFO  o.e.m.c.i.embedder.EclipseLogger - skip non existing resourceDirectory D:\Revature\git_repos\2112-dec13-java-enterprise\10-whiteboard-projects\FizzBuzzWhiteboard\src\test\resources
2022-02-17 16:14:03,960 [Worker-5: Updating Maven Project] INFO  o.e.m.c.i.p.ProjectConfigurationManager - Update started
2022-02-17 16:14:04,218 [Worker-5: Updating Maven Project] INFO  o.e.m.c.i.l.LifecycleMappingFactory - Using org.eclipse.m2e.jdt.JarLifecycleMapping lifecycle mapping for MavenProject: example:FizzBuzzWhiteboard:0.0.1-SNAPSHOT @ D:\Revature\git_repos\2112-dec13-java-enterprise\10-whiteboard-projects\FizzBuzzWhiteboard\pom.xml.
2022-02-17 16:14:04,311 [Worker-5: Updating Maven Project] INFO  o.e.m.j.i.AbstractJavaProjectConfigurator - Adding source folder /FizzBuzzWhiteboard/src/main/java
2022-02-17 16:14:04,312 [Worker-5: Updating Maven Project] INFO  o.e.m.j.i.AbstractJavaProjectConfigurator - Adding source folder /FizzBuzzWhiteboard/src/test/java
2022-02-17 16:14:04,623 [Worker-5: Updating Maven Project] INFO  o.e.m.c.i.p.ProjectConfigurationManager - Update completed: 0 sec
2022-02-17 16:14:04,927 [Worker-12: Building] WARN  o.e.m.c.i.embedder.EclipseLogger - Using platform encoding (Cp1252 actually) to copy filtered resources, i.e. build is platform dependent!
2022-02-17 16:14:04,928 [Worker-12: Building] INFO  o.e.m.c.i.embedder.EclipseLogger - skip non existing resourceDirectory D:\Revature\git_repos\2112-dec13-java-enterprise\10-whiteboard-projects\FizzBuzzWhiteboard\src\main\resources
2022-02-17 16:14:04,929 [Worker-12: Building] WARN  o.e.m.c.i.embedder.EclipseLogger - Using platform encoding (Cp1252 actually) to copy filtered resources, i.e. build is platform dependent!
2022-02-17 16:14:04,930 [Worker-12: Building] INFO  o.e.m.c.i.embedder.EclipseLogger - skip non existing resourceDirectory D:\Revature\git_repos\2112-dec13-java-enterprise\10-whiteboard-projects\FizzBuzzWhiteboard\src\test\resources
2022-02-17 16:14:47,321 [Worker-8: Building] WARN  o.e.m.c.i.embedder.EclipseLogger - Using platform encoding (Cp1252 actually) to copy filtered resources, i.e. build is platform dependent!
2022-02-17 16:14:47,322 [Worker-8: Building] INFO  o.e.m.c.i.embedder.EclipseLogger - skip non existing resourceDirectory D:\Revature\git_repos\2112-dec13-java-enterprise\10-whiteboard-projects\FizzBuzzWhiteboard\src\main\resources
2022-02-17 16:14:47,322 [Worker-8: Building] WARN  o.e.m.c.i.embedder.EclipseLogger - Using platform encoding (Cp1252 actually) to copy filtered resources, i.e. build is platform dependent!
2022-02-17 16:14:47,323 [Worker-8: Building] INFO  o.e.m.c.i.embedder.EclipseLogger - skip non existing resourceDirectory D:\Revature\git_repos\2112-dec13-java-enterprise\10-whiteboard-projects\FizzBuzzWhiteboard\src\test\resources
2022-02-17 16:17:14,522 [Worker-13: Building] WARN  o.e.m.c.i.embedder.EclipseLogger - Using platform encoding (Cp1252 actually) to copy filtered resources, i.e. build is platform dependent!
2022-02-17 16:17:14,523 [Worker-13: Building] INFO  o.e.m.c.i.embedder.EclipseLogger - skip non existing resourceDirectory D:\Revature\git_repos\2112-dec13-java-enterprise\10-whiteboard-projects\FizzBuzzWhiteboard\src\main\resources
2022-02-17 16:17:14,523 [Worker-13: Building] WARN  o.e.m.c.i.embedder.EclipseLogger - Using platform encoding (Cp1252 actually) to copy filtered resources, i.e. build is platform dependent!
2022-02-17 16:17:14,524 [Worker-13: Building] INFO  o.e.m.c.i.embedder.EclipseLogger - skip non existing resourceDirectory D:\Revature\git_repos\2112-dec13-java-enterprise\10-whiteboard-projects\FizzBuzzWhiteboard\src\test\resources
2022-02-17 16:17:43,960 [Worker-3: Building] WARN  o.e.m.c.i.embedder.EclipseLogger - Using platform encoding (Cp1252 actually) to copy filtered resources, i.e. build is platform dependent!
2022-02-17 16:17:43,960 [Worker-3: Building] INFO  o.e.m.c.i.embedder.EclipseLogger - skip non existing resourceDirectory D:\Revature\git_repos\2112-dec13-java-enterprise\10-whiteboard-projects\FizzBuzzWhiteboard\src\main\resources
2022-02-17 16:17:43,960 [Worker-3: Building] WARN  o.e.m.c.i.embedder.EclipseLogger - Using platform encoding (Cp1252 actually) to copy filtered resources, i.e. build is platform dependent!
2022-02-17 16:17:43,961 [Worker-3: Building] INFO  o.e.m.c.i.embedder.EclipseLogger - skip non existing resourceDirectory D:\Revature\git_repos\2112-dec13-java-enterprise\10-whiteboard-projects\FizzBuzzWhiteboard\src\test\resources
2022-02-17 16:18:04,142 [Worker-14: Building] WARN  o.e.m.c.i.embedder.EclipseLogger - Using platform encoding (Cp1252 actually) to copy filtered resources, i.e. build is platform dependent!
2022-02-17 16:18:04,143 [Worker-14: Building] INFO  o.e.m.c.i.embedder.EclipseLogger - skip non existing resourceDirectory D:\Revature\git_repos\2112-dec13-java-enterprise\10-whiteboard-projects\FizzBuzzWhiteboard\src\main\resources
2022-02-17 16:18:04,143 [Worker-14: Building] WARN  o.e.m.c.i.embedder.EclipseLogger - Using platform encoding (Cp1252 actually) to copy filtered resources, i.e. build is platform dependent!
2022-02-17 16:18:04,144 [Worker-14: Building] INFO  o.e.m.c.i.embedder.EclipseLogger - skip non existing resourceDirectory D:\Revature\git_repos\2112-dec13-java-enterprise\10-whiteboard-projects\FizzBuzzWhiteboard\src\test\resources
2022-02-17 16:19:49,676 [Worker-9: Building] WARN  o.e.m.c.i.embedder.EclipseLogger - Using platform encoding (Cp1252 actually) to copy filtered resources, i.e. build is platform dependent!
2022-02-17 16:19:49,676 [Worker-9: Building] INFO  o.e.m.c.i.embedder.EclipseLogger - skip non existing resourceDirectory D:\Revature\git_repos\2112-dec13-java-enterprise\10-whiteboard-projects\FizzBuzzWhiteboard\src\main\resources
2022-02-17 16:19:49,677 [Worker-9: Building] WARN  o.e.m.c.i.embedder.EclipseLogger - Using platform encoding (Cp1252 actually) to copy filtered resources, i.e. build is platform dependent!
2022-02-17 16:19:49,677 [Worker-9: Building] INFO  o.e.m.c.i.embedder.EclipseLogger - skip non existing resourceDirectory D:\Revature\git_repos\2112-dec13-java-enterprise\10-whiteboard-projects\FizzBuzzWhiteboard\src\test\resources
2022-02-17 16:20:43,861 [Worker-15: Building] WARN  o.e.m.c.i.embedder.EclipseLogger - Using platform encoding (Cp1252 actually) to copy filtered resources, i.e. build is platform dependent!
2022-02-17 16:20:43,862 [Worker-15: Building] INFO  o.e.m.c.i.embedder.EclipseLogger - skip non existing resourceDirectory D:\Revature\git_repos\2112-dec13-java-enterprise\10-whiteboard-projects\FizzBuzzWhiteboard\src\main\resources
2022-02-17 16:20:43,862 [Worker-15: Building] WARN  o.e.m.c.i.embedder.EclipseLogger - Using platform encoding (Cp1252 actually) to copy filtered resources, i.e. build is platform dependent!
2022-02-17 16:20:43,863 [Worker-15: Building] INFO  o.e.m.c.i.embedder.EclipseLogger - skip non existing resourceDirectory D:\Revature\git_repos\2112-dec13-java-enterprise\10-whiteboard-projects\FizzBuzzWhiteboard\src\test\resources
2022-02-17 16:21:10,888 [Worker-13: Building] WARN  o.e.m.c.i.embedder.EclipseLogger - Using platform encoding (Cp1252 actually) to copy filtered resources, i.e. build is platform dependent!
2022-02-17 16:21:10,888 [Worker-13: Building] INFO  o.e.m.c.i.embedder.EclipseLogger - skip non existing resourceDirectory D:\Revature\git_repos\2112-dec13-java-enterprise\10-whiteboard-projects\FizzBuzzWhiteboard\src\main\resources
2022-02-17 16:21:10,890 [Worker-13: Building] WARN  o.e.m.c.i.embedder.EclipseLogger - Using platform encoding (Cp1252 actually) to copy filtered resources, i.e. build is platform dependent!
2022-02-17 16:21:10,890 [Worker-13: Building] INFO  o.e.m.c.i.embedder.EclipseLogger - skip non existing resourceDirectory D:\Revature\git_repos\2112-dec13-java-enterprise\10-whiteboard-projects\FizzBuzzWhiteboard\src\test\resources
2022-02-17 16:29:14,844 [Worker-20: Building] INFO  o.e.m.c.i.l.LifecycleMappingFactory - Using org.eclipse.m2e.jdt.JarLifecycleMapping lifecycle mapping for MavenProject: example:ArmStrongWhiteboard:0.0.1-SNAPSHOT @ D:\Revature\git_repos\2112-dec13-java-enterprise\10-whiteboard-projects\ArmStrongWhiteboard\pom.xml.
2022-02-17 16:29:14,866 [Worker-20: Building] WARN  o.e.m.c.i.embedder.EclipseLogger - Using platform encoding (Cp1252 actually) to copy filtered resources, i.e. build is platform dependent!
2022-02-17 16:29:14,867 [Worker-20: Building] INFO  o.e.m.c.i.embedder.EclipseLogger - skip non existing resourceDirectory D:\Revature\git_repos\2112-dec13-java-enterprise\10-whiteboard-projects\ArmStrongWhiteboard\src\main\resources
2022-02-17 16:29:14,868 [Worker-20: Building] WARN  o.e.m.c.i.embedder.EclipseLogger - Using platform encoding (Cp1252 actually) to copy filtered resources, i.e. build is platform dependent!
2022-02-17 16:29:14,868 [Worker-20: Building] INFO  o.e.m.c.i.embedder.EclipseLogger - skip non existing resourceDirectory D:\Revature\git_repos\2112-dec13-java-enterprise\10-whiteboard-projects\ArmStrongWhiteboard\src\test\resources
2022-02-17 16:29:15,503 [Worker-22: Updating Maven Dependencies] INFO  o.e.m.c.i.l.LifecycleMappingFactory - Using org.eclipse.m2e.jdt.JarLifecycleMapping lifecycle mapping for MavenProject: example:ArmStrongWhiteboard:0.0.1-SNAPSHOT @ D:\Revature\git_repos\2112-dec13-java-enterprise\10-whiteboard-projects\ArmStrongWhiteboard\pom.xml.
2022-02-17 16:29:15,929 [Worker-18: Building] WARN  o.e.m.c.i.embedder.EclipseLogger - Using platform encoding (Cp1252 actually) to copy filtered resources, i.e. build is platform dependent!
2022-02-17 16:29:15,930 [Worker-18: Building] INFO  o.e.m.c.i.embedder.EclipseLogger - skip non existing resourceDirectory D:\Revature\git_repos\2112-dec13-java-enterprise\10-whiteboard-projects\ArmStrongWhiteboard\src\main\resources
2022-02-17 16:29:15,930 [Worker-18: Building] WARN  o.e.m.c.i.embedder.EclipseLogger - Using platform encoding (Cp1252 actually) to copy filtered resources, i.e. build is platform dependent!
2022-02-17 16:29:15,931 [Worker-18: Building] INFO  o.e.m.c.i.embedder.EclipseLogger - skip non existing resourceDirectory D:\Revature\git_repos\2112-dec13-java-enterprise\10-whiteboard-projects\ArmStrongWhiteboard\src\test\resources
2022-02-17 16:29:32,282 [Worker-22: Updating Maven Project] INFO  o.e.m.c.i.p.ProjectConfigurationManager - Update started
2022-02-17 16:29:32,311 [Worker-22: Updating Maven Project] INFO  o.e.m.c.i.l.LifecycleMappingFactory - Using org.eclipse.m2e.jdt.JarLifecycleMapping lifecycle mapping for MavenProject: example:ArmStrongWhiteboard:0.0.1-SNAPSHOT @ D:\Revature\git_repos\2112-dec13-java-enterprise\10-whiteboard-projects\ArmStrongWhiteboard\pom.xml.
2022-02-17 16:29:32,328 [Worker-22: Updating Maven Project] INFO  o.e.m.j.i.AbstractJavaProjectConfigurator - Adding source folder /ArmStrongWhiteboard/src/main/java
2022-02-17 16:29:32,329 [Worker-22: Updating Maven Project] INFO  o.e.m.j.i.AbstractJavaProjectConfigurator - Adding source folder /ArmStrongWhiteboard/src/test/java
2022-02-17 16:29:32,403 [Worker-22: Updating Maven Project] INFO  o.e.m.c.i.p.ProjectConfigurationManager - Update completed: 0 sec
2022-02-17 16:29:32,535 [Worker-22: Building] WARN  o.e.m.c.i.embedder.EclipseLogger - Using platform encoding (Cp1252 actually) to copy filtered resources, i.e. build is platform dependent!
2022-02-17 16:29:32,536 [Worker-22: Building] INFO  o.e.m.c.i.embedder.EclipseLogger - skip non existing resourceDirectory D:\Revature\git_repos\2112-dec13-java-enterprise\10-whiteboard-projects\ArmStrongWhiteboard\src\main\resources
2022-02-17 16:29:32,537 [Worker-22: Building] WARN  o.e.m.c.i.embedder.EclipseLogger - Using platform encoding (Cp1252 actually) to copy filtered resources, i.e. build is platform dependent!
2022-02-17 16:29:32,538 [Worker-22: Building] INFO  o.e.m.c.i.embedder.EclipseLogger - skip non existing resourceDirectory D:\Revature\git_repos\2112-dec13-java-enterprise\10-whiteboard-projects\ArmStrongWhiteboard\src\test\resources
2022-02-17 16:31:28,672 [Worker-18: Building] WARN  o.e.m.c.i.embedder.EclipseLogger - Using platform encoding (Cp1252 actually) to copy filtered resources, i.e. build is platform dependent!
2022-02-17 16:31:28,673 [Worker-18: Building] INFO  o.e.m.c.i.embedder.EclipseLogger - skip non existing resourceDirectory D:\Revature\git_repos\2112-dec13-java-enterprise\10-whiteboard-projects\ArmStrongWhiteboard\src\main\resources
2022-02-17 16:31:28,673 [Worker-18: Building] WARN  o.e.m.c.i.embedder.EclipseLogger - Using platform encoding (Cp1252 actually) to copy filtered resources, i.e. build is platform dependent!
2022-02-17 16:31:28,674 [Worker-18: Building] INFO  o.e.m.c.i.embedder.EclipseLogger - skip non existing resourceDirectory D:\Revature\git_repos\2112-dec13-java-enterprise\10-whiteboard-projects\ArmStrongWhiteboard\src\test\resources
2022-02-17 16:42:39,999 [Worker-23: Building] WARN  o.e.m.c.i.embedder.EclipseLogger - Using platform encoding (Cp1252 actually) to copy filtered resources, i.e. build is platform dependent!
2022-02-17 16:42:40,000 [Worker-23: Building] INFO  o.e.m.c.i.embedder.EclipseLogger - skip non existing resourceDirectory D:\Revature\git_repos\2112-dec13-java-enterprise\10-whiteboard-projects\ArmStrongWhiteboard\src\main\resources
2022-02-17 16:42:40,001 [Worker-23: Building] WARN  o.e.m.c.i.embedder.EclipseLogger - Using platform encoding (Cp1252 actually) to copy filtered resources, i.e. build is platform dependent!
2022-02-17 16:42:40,001 [Worker-23: Building] INFO  o.e.m.c.i.embedder.EclipseLogger - skip non existing resourceDirectory D:\Revature\git_repos\2112-dec13-java-enterprise\10-whiteboard-projects\ArmStrongWhiteboard\src\test\resources
2022-02-17 16:45:11,294 [Worker-20: Building] WARN  o.e.m.c.i.embedder.EclipseLogger - Using platform encoding (Cp1252 actually) to copy filtered resources, i.e. build is platform dependent!
2022-02-17 16:45:11,295 [Worker-20: Building] INFO  o.e.m.c.i.embedder.EclipseLogger - skip non existing resourceDirectory D:\Revature\git_repos\2112-dec13-java-enterprise\10-whiteboard-projects\ArmStrongWhiteboard\src\main\resources
2022-02-17 16:45:11,295 [Worker-20: Building] WARN  o.e.m.c.i.embedder.EclipseLogger - Using platform encoding (Cp1252 actually) to copy filtered resources, i.e. build is platform dependent!
2022-02-17 16:45:11,295 [Worker-20: Building] INFO  o.e.m.c.i.embedder.EclipseLogger - skip non existing resourceDirectory D:\Revature\git_repos\2112-dec13-java-enterprise\10-whiteboard-projects\ArmStrongWhiteboard\src\test\resources
2022-02-17 16:46:49,312 [Worker-25: Building] WARN  o.e.m.c.i.embedder.EclipseLogger - Using platform encoding (Cp1252 actually) to copy filtered resources, i.e. build is platform dependent!
2022-02-17 16:46:49,313 [Worker-25: Building] INFO  o.e.m.c.i.embedder.EclipseLogger - skip non existing resourceDirectory D:\Revature\git_repos\2112-dec13-java-enterprise\10-whiteboard-projects\ArmStrongWhiteboard\src\main\resources
2022-02-17 16:46:49,314 [Worker-25: Building] WARN  o.e.m.c.i.embedder.EclipseLogger - Using platform encoding (Cp1252 actually) to copy filtered resources, i.e. build is platform dependent!
2022-02-17 16:46:49,314 [Worker-25: Building] INFO  o.e.m.c.i.embedder.EclipseLogger - skip non existing resourceDirectory D:\Revature\git_repos\2112-dec13-java-enterprise\10-whiteboard-projects\ArmStrongWhiteboard\src\test\resources
2022-02-17 16:47:23,678 [Worker-28: Building] WARN  o.e.m.c.i.embedder.EclipseLogger - Using platform encoding (Cp1252 actually) to copy filtered resources, i.e. build is platform dependent!
2022-02-17 16:47:23,678 [Worker-28: Building] INFO  o.e.m.c.i.embedder.EclipseLogger - skip non existing resourceDirectory D:\Revature\git_repos\2112-dec13-java-enterprise\10-whiteboard-projects\ArmStrongWhiteboard\src\main\resources
2022-02-17 16:47:23,679 [Worker-28: Building] WARN  o.e.m.c.i.embedder.EclipseLogger - Using platform encoding (Cp1252 actually) to copy filtered resources, i.e. build is platform dependent!
2022-02-17 16:47:23,679 [Worker-28: Building] INFO  o.e.m.c.i.embedder.EclipseLogger - skip non existing resourceDirectory D:\Revature\git_repos\2112-dec13-java-enterprise\10-whiteboard-projects\ArmStrongWhiteboard\src\test\resources
2022-02-17 16:47:53,440 [Worker-25: Building] WARN  o.e.m.c.i.embedder.EclipseLogger - Using platform encoding (Cp1252 actually) to copy filtered resources, i.e. build is platform dependent!
2022-02-17 16:47:53,441 [Worker-25: Building] INFO  o.e.m.c.i.embedder.EclipseLogger - skip non existing resourceDirectory D:\Revature\git_repos\2112-dec13-java-enterprise\10-whiteboard-projects\ArmStrongWhiteboard\src\main\resources
2022-02-17 16:47:53,441 [Worker-25: Building] WARN  o.e.m.c.i.embedder.EclipseLogger - Using platform encoding (Cp1252 actually) to copy filtered resources, i.e. build is platform dependent!
2022-02-17 16:47:53,441 [Worker-25: Building] INFO  o.e.m.c.i.embedder.EclipseLogger - skip non existing resourceDirectory D:\Revature\git_repos\2112-dec13-java-enterprise\10-whiteboard-projects\ArmStrongWhiteboard\src\test\resources
2022-02-17 16:48:12,212 [Worker-24: Building] WARN  o.e.m.c.i.embedder.EclipseLogger - Using platform encoding (Cp1252 actually) to copy filtered resources, i.e. build is platform dependent!
2022-02-17 16:48:12,213 [Worker-24: Building] INFO  o.e.m.c.i.embedder.EclipseLogger - skip non existing resourceDirectory D:\Revature\git_repos\2112-dec13-java-enterprise\10-whiteboard-projects\ArmStrongWhiteboard\src\main\resources
2022-02-17 16:48:12,213 [Worker-24: Building] WARN  o.e.m.c.i.embedder.EclipseLogger - Using platform encoding (Cp1252 actually) to copy filtered resources, i.e. build is platform dependent!
2022-02-17 16:48:12,214 [Worker-24: Building] INFO  o.e.m.c.i.embedder.EclipseLogger - skip non existing resourceDirectory D:\Revature\git_repos\2112-dec13-java-enterprise\10-whiteboard-projects\ArmStrongWhiteboard\src\test\resources
2022-02-17 16:49:05,270 [Worker-28: Building] WARN  o.e.m.c.i.embedder.EclipseLogger - Using platform encoding (Cp1252 actually) to copy filtered resources, i.e. build is platform dependent!
2022-02-17 16:49:05,271 [Worker-28: Building] INFO  o.e.m.c.i.embedder.EclipseLogger - skip non existing resourceDirectory D:\Revature\git_repos\2112-dec13-java-enterprise\10-whiteboard-projects\ArmStrongWhiteboard\src\main\resources
2022-02-17 16:49:05,272 [Worker-28: Building] WARN  o.e.m.c.i.embedder.EclipseLogger - Using platform encoding (Cp1252 actually) to copy filtered resources, i.e. build is platform dependent!
2022-02-17 16:49:05,272 [Worker-28: Building] INFO  o.e.m.c.i.embedder.EclipseLogger - skip non existing resourceDirectory D:\Revature\git_repos\2112-dec13-java-enterprise\10-whiteboard-projects\ArmStrongWhiteboard\src\test\resources
2022-02-17 16:51:03,988 [Worker-31: Building] WARN  o.e.m.c.i.embedder.EclipseLogger - Using platform encoding (Cp1252 actually) to copy filtered resources, i.e. build is platform dependent!
2022-02-17 16:51:03,989 [Worker-31: Building] INFO  o.e.m.c.i.embedder.EclipseLogger - skip non existing resourceDirectory D:\Revature\git_repos\2112-dec13-java-enterprise\10-whiteboard-projects\ArmStrongWhiteboard\src\main\resources
2022-02-17 16:51:03,990 [Worker-31: Building] WARN  o.e.m.c.i.embedder.EclipseLogger - Using platform encoding (Cp1252 actually) to copy filtered resources, i.e. build is platform dependent!
2022-02-17 16:51:03,990 [Worker-31: Building] INFO  o.e.m.c.i.embedder.EclipseLogger - skip non existing resourceDirectory D:\Revature\git_repos\2112-dec13-java-enterprise\10-whiteboard-projects\ArmStrongWhiteboard\src\test\resources
2022-02-17 16:53:19,869 [Worker-25: Building] WARN  o.e.m.c.i.embedder.EclipseLogger - Using platform encoding (Cp1252 actually) to copy filtered resources, i.e. build is platform dependent!
2022-02-17 16:53:19,869 [Worker-25: Building] INFO  o.e.m.c.i.embedder.EclipseLogger - skip non existing resourceDirectory D:\Revature\git_repos\2112-dec13-java-enterprise\10-whiteboard-projects\ArmStrongWhiteboard\src\main\resources
2022-02-17 16:53:19,869 [Worker-25: Building] WARN  o.e.m.c.i.embedder.EclipseLogger - Using platform encoding (Cp1252 actually) to copy filtered resources, i.e. build is platform dependent!
2022-02-17 16:53:19,870 [Worker-25: Building] INFO  o.e.m.c.i.embedder.EclipseLogger - skip non existing resourceDirectory D:\Revature\git_repos\2112-dec13-java-enterprise\10-whiteboard-projects\ArmStrongWhiteboard\src\test\resources
2022-02-17 16:55:16,067 [Worker-31: Building] WARN  o.e.m.c.i.embedder.EclipseLogger - Using platform encoding (Cp1252 actually) to copy filtered resources, i.e. build is platform dependent!
2022-02-17 16:55:16,068 [Worker-31: Building] INFO  o.e.m.c.i.embedder.EclipseLogger - skip non existing resourceDirectory D:\Revature\git_repos\2112-dec13-java-enterprise\10-whiteboard-projects\ArmStrongWhiteboard\src\main\resources
2022-02-17 16:55:16,068 [Worker-31: Building] WARN  o.e.m.c.i.embedder.EclipseLogger - Using platform encoding (Cp1252 actually) to copy filtered resources, i.e. build is platform dependent!
2022-02-17 16:55:16,069 [Worker-31: Building] INFO  o.e.m.c.i.embedder.EclipseLogger - skip non existing resourceDirectory D:\Revature\git_repos\2112-dec13-java-enterprise\10-whiteboard-projects\ArmStrongWhiteboard\src\test\resources
2022-02-17 16:56:13,229 [Worker-32: Building] WARN  o.e.m.c.i.embedder.EclipseLogger - Using platform encoding (Cp1252 actually) to copy filtered resources, i.e. build is platform dependent!
2022-02-17 16:56:13,229 [Worker-32: Building] INFO  o.e.m.c.i.embedder.EclipseLogger - skip non existing resourceDirectory D:\Revature\git_repos\2112-dec13-java-enterprise\10-whiteboard-projects\ArmStrongWhiteboard\src\main\resources
2022-02-17 16:56:13,230 [Worker-32: Building] WARN  o.e.m.c.i.embedder.EclipseLogger - Using platform encoding (Cp1252 actually) to copy filtered resources, i.e. build is platform dependent!
2022-02-17 16:56:13,230 [Worker-32: Building] INFO  o.e.m.c.i.embedder.EclipseLogger - skip non existing resourceDirectory D:\Revature\git_repos\2112-dec13-java-enterprise\10-whiteboard-projects\ArmStrongWhiteboard\src\test\resources
2022-02-17 16:56:15,950 [Worker-25: Building] WARN  o.e.m.c.i.embedder.EclipseLogger - Using platform encoding (Cp1252 actually) to copy filtered resources, i.e. build is platform dependent!
2022-02-17 16:56:15,951 [Worker-25: Building] INFO  o.e.m.c.i.embedder.EclipseLogger - skip non existing resourceDirectory D:\Revature\git_repos\2112-dec13-java-enterprise\10-whiteboard-projects\ArmStrongWhiteboard\src\main\resources
2022-02-17 16:56:15,951 [Worker-25: Building] WARN  o.e.m.c.i.embedder.EclipseLogger - Using platform encoding (Cp1252 actually) to copy filtered resources, i.e. build is platform dependent!
2022-02-17 16:56:15,952 [Worker-25: Building] INFO  o.e.m.c.i.embedder.EclipseLogger - skip non existing resourceDirectory D:\Revature\git_repos\2112-dec13-java-enterprise\10-whiteboard-projects\ArmStrongWhiteboard\src\test\resources
2022-02-17 16:57:18,853 [Worker-30: Building] WARN  o.e.m.c.i.embedder.EclipseLogger - Using platform encoding (Cp1252 actually) to copy filtered resources, i.e. build is platform dependent!
2022-02-17 16:57:18,853 [Worker-30: Building] INFO  o.e.m.c.i.embedder.EclipseLogger - skip non existing resourceDirectory D:\Revature\git_repos\2112-dec13-java-enterprise\10-whiteboard-projects\ArmStrongWhiteboard\src\main\resources
2022-02-17 16:57:18,854 [Worker-30: Building] WARN  o.e.m.c.i.embedder.EclipseLogger - Using platform encoding (Cp1252 actually) to copy filtered resources, i.e. build is platform dependent!
2022-02-17 16:57:18,854 [Worker-30: Building] INFO  o.e.m.c.i.embedder.EclipseLogger - skip non existing resourceDirectory D:\Revature\git_repos\2112-dec13-java-enterprise\10-whiteboard-projects\ArmStrongWhiteboard\src\test\resources
2022-02-17 16:58:57,708 [Worker-30: Building] WARN  o.e.m.c.i.embedder.EclipseLogger - Using platform encoding (Cp1252 actually) to copy filtered resources, i.e. build is platform dependent!
2022-02-17 16:58:57,708 [Worker-30: Building] INFO  o.e.m.c.i.embedder.EclipseLogger - skip non existing resourceDirectory D:\Revature\git_repos\2112-dec13-java-enterprise\10-whiteboard-projects\ArmStrongWhiteboard\src\main\resources
2022-02-17 16:58:57,709 [Worker-30: Building] WARN  o.e.m.c.i.embedder.EclipseLogger - Using platform encoding (Cp1252 actually) to copy filtered resources, i.e. build is platform dependent!
2022-02-17 16:58:57,709 [Worker-30: Building] INFO  o.e.m.c.i.embedder.EclipseLogger - skip non existing resourceDirectory D:\Revature\git_repos\2112-dec13-java-enterprise\10-whiteboard-projects\ArmStrongWhiteboard\src\test\resources
2022-02-17 16:59:07,581 [Worker-32: Building] WARN  o.e.m.c.i.embedder.EclipseLogger - Using platform encoding (Cp1252 actually) to copy filtered resources, i.e. build is platform dependent!
2022-02-17 16:59:07,582 [Worker-32: Building] INFO  o.e.m.c.i.embedder.EclipseLogger - skip non existing resourceDirectory D:\Revature\git_repos\2112-dec13-java-enterprise\10-whiteboard-projects\ArmStrongWhiteboard\src\main\resources
2022-02-17 16:59:07,583 [Worker-32: Building] WARN  o.e.m.c.i.embedder.EclipseLogger - Using platform encoding (Cp1252 actually) to copy filtered resources, i.e. build is platform dependent!
2022-02-17 16:59:07,583 [Worker-32: Building] INFO  o.e.m.c.i.embedder.EclipseLogger - skip non existing resourceDirectory D:\Revature\git_repos\2112-dec13-java-enterprise\10-whiteboard-projects\ArmStrongWhiteboard\src\test\resources
2022-02-17 17:10:00,837 [Worker-36: Building] WARN  o.e.m.c.i.embedder.EclipseLogger - Using platform encoding (Cp1252 actually) to copy filtered resources, i.e. build is platform dependent!
2022-02-17 17:10:00,837 [Worker-36: Building] INFO  o.e.m.c.i.embedder.EclipseLogger - skip non existing resourceDirectory D:\Revature\git_repos\2112-dec13-java-enterprise\10-whiteboard-projects\ArmStrongWhiteboard\src\main\resources
2022-02-17 17:10:00,838 [Worker-36: Building] WARN  o.e.m.c.i.embedder.EclipseLogger - Using platform encoding (Cp1252 actually) to copy filtered resources, i.e. build is platform dependent!
2022-02-17 17:10:00,838 [Worker-36: Building] INFO  o.e.m.c.i.embedder.EclipseLogger - skip non existing resourceDirectory D:\Revature\git_repos\2112-dec13-java-enterprise\10-whiteboard-projects\ArmStrongWhiteboard\src\test\resources
2022-02-17 18:09:24,912 [Worker-0: Loading available Gradle versions] INFO  o.e.b.c.i.u.g.PublishedGradleVersions - Gradle version information cache is up-to-date. Trying to read.
2022-02-17 18:10:05,589 [Worker-6: Loading available Gradle versions] INFO  o.e.b.c.i.u.g.PublishedGradleVersions - Gradle version information cache is up-to-date. Trying to read.
2022-02-17 18:11:58,793 [Worker-15: Launching ArmStrongTest] WARN  o.e.m.c.i.embedder.EclipseLogger - Using platform encoding (Cp1252 actually) to copy filtered resources, i.e. build is platform dependent!
2022-02-17 18:11:58,794 [Worker-15: Launching ArmStrongTest] INFO  o.e.m.c.i.embedder.EclipseLogger - skip non existing resourceDirectory D:\Revature\git_repos\2112-dec13-java-enterprise\10-whiteboard-projects\ArmStrongWhiteboard\src\main\resources
2022-02-17 18:11:58,795 [Worker-15: Launching ArmStrongTest] WARN  o.e.m.c.i.embedder.EclipseLogger - Using platform encoding (Cp1252 actually) to copy filtered resources, i.e. build is platform dependent!
2022-02-17 18:11:58,796 [Worker-15: Launching ArmStrongTest] INFO  o.e.m.c.i.embedder.EclipseLogger - skip non existing resourceDirectory D:\Revature\git_repos\2112-dec13-java-enterprise\10-whiteboard-projects\ArmStrongWhiteboard\src\test\resources
2022-02-17 18:11:59,268 [Worker-13: Building] WARN  o.e.m.c.i.embedder.EclipseLogger - Using platform encoding (Cp1252 actually) to copy filtered resources, i.e. build is platform dependent!
2022-02-17 18:11:59,269 [Worker-13: Building] INFO  o.e.m.c.i.embedder.EclipseLogger - skip non existing resourceDirectory D:\Revature\git_repos\2112-dec13-java-enterprise\10-whiteboard-projects\FizzBuzzWhiteboard\src\main\resources
2022-02-17 18:11:59,271 [Worker-13: Building] WARN  o.e.m.c.i.embedder.EclipseLogger - Using platform encoding (Cp1252 actually) to copy filtered resources, i.e. build is platform dependent!
2022-02-17 18:11:59,272 [Worker-13: Building] INFO  o.e.m.c.i.embedder.EclipseLogger - skip non existing resourceDirectory D:\Revature\git_repos\2112-dec13-java-enterprise\10-whiteboard-projects\FizzBuzzWhiteboard\src\test\resources
2022-02-18 16:15:39,442 [Worker-7: Loading available Gradle versions] INFO  o.e.b.c.i.u.g.PublishedGradleVersions - Gradle version information cache is out-of-date. Trying to update.
2022-02-18 16:26:18,120 [Worker-0: Creating project "tdd"] INFO  o.e.m.c.i.l.LifecycleMappingFactory - Using org.eclipse.m2e.jdt.JarLifecycleMapping lifecycle mapping for MavenProject: tdd:tdd:0.0.1-SNAPSHOT @ D:\Revature\git_repos\2112-dec13-java-enterprise\10-whiteboard-projects\tdd\pom.xml.
2022-02-18 16:26:18,920 [Worker-0: Creating project "tdd"] INFO  o.e.m.j.i.AbstractJavaProjectConfigurator - Adding source folder /tdd/src/main/java
2022-02-18 16:26:18,921 [Worker-0: Creating project "tdd"] INFO  o.e.m.j.i.AbstractJavaProjectConfigurator - Adding resource folder /tdd/src/main/resources
2022-02-18 16:26:18,922 [Worker-0: Creating project "tdd"] INFO  o.e.m.j.i.AbstractJavaProjectConfigurator - Adding source folder /tdd/src/test/java
2022-02-18 16:26:18,922 [Worker-0: Creating project "tdd"] INFO  o.e.m.j.i.AbstractJavaProjectConfigurator - Adding resource folder /tdd/src/test/resources
2022-02-18 16:26:19,530 [Worker-14: Building] WARN  o.e.m.c.i.embedder.EclipseLogger - Using platform encoding (Cp1252 actually) to copy filtered resources, i.e. build is platform dependent!
2022-02-18 16:26:19,534 [Worker-14: Building] INFO  o.e.m.c.i.embedder.EclipseLogger - Copying 0 resource
2022-02-18 16:26:19,536 [Worker-14: Building] WARN  o.e.m.c.i.embedder.EclipseLogger - Using platform encoding (Cp1252 actually) to copy filtered resources, i.e. build is platform dependent!
2022-02-18 16:26:19,537 [Worker-14: Building] INFO  o.e.m.c.i.embedder.EclipseLogger - Copying 0 resource
2022-02-18 16:26:33,416 [Worker-0: Building] INFO  o.e.m.c.i.l.LifecycleMappingFactory - Using org.eclipse.m2e.jdt.JarLifecycleMapping lifecycle mapping for MavenProject: tdd:tdd:0.0.1-SNAPSHOT @ D:\Revature\git_repos\2112-dec13-java-enterprise\10-whiteboard-projects\tdd\pom.xml.
2022-02-18 16:26:33,803 [Worker-0: Building] WARN  o.e.m.c.i.embedder.EclipseLogger - Using platform encoding (Cp1252 actually) to copy filtered resources, i.e. build is platform dependent!
2022-02-18 16:26:33,806 [Worker-0: Building] INFO  o.e.m.c.i.embedder.EclipseLogger - Copying 0 resource
2022-02-18 16:26:33,808 [Worker-0: Building] WARN  o.e.m.c.i.embedder.EclipseLogger - Using platform encoding (Cp1252 actually) to copy filtered resources, i.e. build is platform dependent!
2022-02-18 16:26:33,808 [Worker-0: Building] INFO  o.e.m.c.i.embedder.EclipseLogger - Copying 0 resource
2022-02-18 16:26:35,066 [Worker-14: Building] WARN  o.e.m.c.i.embedder.EclipseLogger - Using platform encoding (Cp1252 actually) to copy filtered resources, i.e. build is platform dependent!
2022-02-18 16:26:35,071 [Worker-14: Building] INFO  o.e.m.c.i.embedder.EclipseLogger - Copying 0 resource
2022-02-18 16:26:35,072 [Worker-14: Building] WARN  o.e.m.c.i.embedder.EclipseLogger - Using platform encoding (Cp1252 actually) to copy filtered resources, i.e. build is platform dependent!
2022-02-18 16:26:35,073 [Worker-14: Building] INFO  o.e.m.c.i.embedder.EclipseLogger - Copying 0 resource
2022-02-18 16:26:42,044 [Worker-0: Updating Maven Project] INFO  o.e.m.c.i.p.ProjectConfigurationManager - Update started
2022-02-18 16:26:42,239 [Worker-0: Updating Maven Project] INFO  o.e.m.c.i.l.LifecycleMappingFactory - Using org.eclipse.m2e.jdt.JarLifecycleMapping lifecycle mapping for MavenProject: tdd:tdd:0.0.1-SNAPSHOT @ D:\Revature\git_repos\2112-dec13-java-enterprise\10-whiteboard-projects\tdd\pom.xml.
2022-02-18 16:26:42,562 [Worker-0: Updating Maven Project] INFO  o.e.m.j.i.AbstractJavaProjectConfigurator - Adding source folder /tdd/src/main/java
2022-02-18 16:26:42,562 [Worker-0: Updating Maven Project] INFO  o.e.m.j.i.AbstractJavaProjectConfigurator - Adding resource folder /tdd/src/main/resources
2022-02-18 16:26:42,562 [Worker-0: Updating Maven Project] INFO  o.e.m.j.i.AbstractJavaProjectConfigurator - Adding source folder /tdd/src/test/java
2022-02-18 16:26:42,562 [Worker-0: Updating Maven Project] INFO  o.e.m.j.i.AbstractJavaProjectConfigurator - Adding resource folder /tdd/src/test/resources
2022-02-18 16:26:42,656 [Worker-0: Updating Maven Project] INFO  o.e.m.c.i.p.ProjectConfigurationManager - Update completed: 0 sec
2022-02-18 16:26:42,776 [Worker-0: Building] WARN  o.e.m.c.i.embedder.EclipseLogger - Using platform encoding (Cp1252 actually) to copy filtered resources, i.e. build is platform dependent!
2022-02-18 16:26:42,777 [Worker-0: Building] INFO  o.e.m.c.i.embedder.EclipseLogger - Copying 0 resource
2022-02-18 16:26:42,778 [Worker-0: Building] WARN  o.e.m.c.i.embedder.EclipseLogger - Using platform encoding (Cp1252 actually) to copy filtered resources, i.e. build is platform dependent!
2022-02-18 16:26:42,779 [Worker-0: Building] INFO  o.e.m.c.i.embedder.EclipseLogger - Copying 0 resource
2022-02-18 16:27:33,043 [Worker-15: Building] WARN  o.e.m.c.i.embedder.EclipseLogger - Using platform encoding (Cp1252 actually) to copy filtered resources, i.e. build is platform dependent!
2022-02-18 16:27:33,045 [Worker-15: Building] INFO  o.e.m.c.i.embedder.EclipseLogger - Copying 0 resource
2022-02-18 16:27:33,046 [Worker-15: Building] WARN  o.e.m.c.i.embedder.EclipseLogger - Using platform encoding (Cp1252 actually) to copy filtered resources, i.e. build is platform dependent!
2022-02-18 16:27:33,047 [Worker-15: Building] INFO  o.e.m.c.i.embedder.EclipseLogger - Copying 0 resource
2022-02-18 16:27:52,494 [Worker-15: Building] WARN  o.e.m.c.i.embedder.EclipseLogger - Using platform encoding (Cp1252 actually) to copy filtered resources, i.e. build is platform dependent!
2022-02-18 16:27:52,495 [Worker-15: Building] INFO  o.e.m.c.i.embedder.EclipseLogger - Copying 0 resource
2022-02-18 16:27:52,496 [Worker-15: Building] WARN  o.e.m.c.i.embedder.EclipseLogger - Using platform encoding (Cp1252 actually) to copy filtered resources, i.e. build is platform dependent!
2022-02-18 16:27:52,496 [Worker-15: Building] INFO  o.e.m.c.i.embedder.EclipseLogger - Copying 0 resource
2022-02-18 16:28:57,353 [Worker-16: Building] WARN  o.e.m.c.i.embedder.EclipseLogger - Using platform encoding (Cp1252 actually) to copy filtered resources, i.e. build is platform dependent!
2022-02-18 16:28:57,354 [Worker-16: Building] INFO  o.e.m.c.i.embedder.EclipseLogger - Copying 0 resource
2022-02-18 16:28:57,355 [Worker-16: Building] WARN  o.e.m.c.i.embedder.EclipseLogger - Using platform encoding (Cp1252 actually) to copy filtered resources, i.e. build is platform dependent!
2022-02-18 16:28:57,356 [Worker-16: Building] INFO  o.e.m.c.i.embedder.EclipseLogger - Copying 0 resource
2022-02-18 16:28:59,746 [Worker-16: Building] WARN  o.e.m.c.i.embedder.EclipseLogger - Using platform encoding (Cp1252 actually) to copy filtered resources, i.e. build is platform dependent!
2022-02-18 16:28:59,746 [Worker-16: Building] INFO  o.e.m.c.i.embedder.EclipseLogger - Copying 0 resource
2022-02-18 16:28:59,748 [Worker-16: Building] WARN  o.e.m.c.i.embedder.EclipseLogger - Using platform encoding (Cp1252 actually) to copy filtered resources, i.e. build is platform dependent!
2022-02-18 16:28:59,749 [Worker-16: Building] INFO  o.e.m.c.i.embedder.EclipseLogger - Copying 0 resource
2022-02-18 17:15:30,776 [Worker-22: Building] WARN  o.e.m.c.i.embedder.EclipseLogger - Using platform encoding (Cp1252 actually) to copy filtered resources, i.e. build is platform dependent!
2022-02-18 17:15:30,777 [Worker-22: Building] INFO  o.e.m.c.i.embedder.EclipseLogger - Copying 0 resource
2022-02-18 17:15:30,778 [Worker-22: Building] WARN  o.e.m.c.i.embedder.EclipseLogger - Using platform encoding (Cp1252 actually) to copy filtered resources, i.e. build is platform dependent!
2022-02-18 17:15:30,779 [Worker-22: Building] INFO  o.e.m.c.i.embedder.EclipseLogger - Copying 0 resource
2022-02-18 17:15:40,690 [Worker-22: Building] WARN  o.e.m.c.i.embedder.EclipseLogger - Using platform encoding (Cp1252 actually) to copy filtered resources, i.e. build is platform dependent!
2022-02-18 17:15:40,691 [Worker-22: Building] INFO  o.e.m.c.i.embedder.EclipseLogger - Copying 0 resource
2022-02-18 17:15:40,692 [Worker-22: Building] WARN  o.e.m.c.i.embedder.EclipseLogger - Using platform encoding (Cp1252 actually) to copy filtered resources, i.e. build is platform dependent!
2022-02-18 17:15:40,692 [Worker-22: Building] INFO  o.e.m.c.i.embedder.EclipseLogger - Copying 0 resource
2022-02-18 17:35:14,382 [Worker-26: Building] WARN  o.e.m.c.i.embedder.EclipseLogger - Using platform encoding (Cp1252 actually) to copy filtered resources, i.e. build is platform dependent!
2022-02-18 17:35:14,383 [Worker-26: Building] INFO  o.e.m.c.i.embedder.EclipseLogger - Copying 0 resource
2022-02-18 17:35:14,388 [Worker-26: Building] WARN  o.e.m.c.i.embedder.EclipseLogger - Using platform encoding (Cp1252 actually) to copy filtered resources, i.e. build is platform dependent!
2022-02-18 17:35:14,389 [Worker-26: Building] INFO  o.e.m.c.i.embedder.EclipseLogger - Copying 0 resource
2022-02-18 17:35:19,802 [Worker-31: Building] WARN  o.e.m.c.i.embedder.EclipseLogger - Using platform encoding (Cp1252 actually) to copy filtered resources, i.e. build is platform dependent!
2022-02-18 17:35:19,802 [Worker-31: Building] INFO  o.e.m.c.i.embedder.EclipseLogger - Copying 0 resource
2022-02-18 17:35:19,803 [Worker-31: Building] WARN  o.e.m.c.i.embedder.EclipseLogger - Using platform encoding (Cp1252 actually) to copy filtered resources, i.e. build is platform dependent!
2022-02-18 17:35:19,804 [Worker-31: Building] INFO  o.e.m.c.i.embedder.EclipseLogger - Copying 0 resource
2022-02-18 17:37:32,328 [Worker-31: Building] WARN  o.e.m.c.i.embedder.EclipseLogger - Using platform encoding (Cp1252 actually) to copy filtered resources, i.e. build is platform dependent!
2022-02-18 17:37:32,329 [Worker-31: Building] INFO  o.e.m.c.i.embedder.EclipseLogger - Copying 0 resource
2022-02-18 17:37:32,330 [Worker-31: Building] WARN  o.e.m.c.i.embedder.EclipseLogger - Using platform encoding (Cp1252 actually) to copy filtered resources, i.e. build is platform dependent!
2022-02-18 17:37:32,330 [Worker-31: Building] INFO  o.e.m.c.i.embedder.EclipseLogger - Copying 0 resource
2022-02-18 17:39:51,550 [Worker-31: Building] WARN  o.e.m.c.i.embedder.EclipseLogger - Using platform encoding (Cp1252 actually) to copy filtered resources, i.e. build is platform dependent!
2022-02-18 17:39:51,551 [Worker-31: Building] INFO  o.e.m.c.i.embedder.EclipseLogger - Copying 0 resource
2022-02-18 17:39:51,552 [Worker-31: Building] WARN  o.e.m.c.i.embedder.EclipseLogger - Using platform encoding (Cp1252 actually) to copy filtered resources, i.e. build is platform dependent!
2022-02-18 17:39:51,553 [Worker-31: Building] INFO  o.e.m.c.i.embedder.EclipseLogger - Copying 0 resource
2022-02-18 17:40:42,480 [Worker-31: Building] WARN  o.e.m.c.i.embedder.EclipseLogger - Using platform encoding (Cp1252 actually) to copy filtered resources, i.e. build is platform dependent!
2022-02-18 17:40:42,481 [Worker-31: Building] INFO  o.e.m.c.i.embedder.EclipseLogger - Copying 0 resource
2022-02-18 17:40:42,482 [Worker-31: Building] WARN  o.e.m.c.i.embedder.EclipseLogger - Using platform encoding (Cp1252 actually) to copy filtered resources, i.e. build is platform dependent!
2022-02-18 17:40:42,483 [Worker-31: Building] INFO  o.e.m.c.i.embedder.EclipseLogger - Copying 0 resource
2022-02-18 17:42:09,624 [Worker-22: Building] WARN  o.e.m.c.i.embedder.EclipseLogger - Using platform encoding (Cp1252 actually) to copy filtered resources, i.e. build is platform dependent!
2022-02-18 17:42:09,625 [Worker-22: Building] INFO  o.e.m.c.i.embedder.EclipseLogger - Copying 0 resource
2022-02-18 17:42:09,627 [Worker-22: Building] WARN  o.e.m.c.i.embedder.EclipseLogger - Using platform encoding (Cp1252 actually) to copy filtered resources, i.e. build is platform dependent!
2022-02-18 17:42:09,628 [Worker-22: Building] INFO  o.e.m.c.i.embedder.EclipseLogger - Copying 0 resource
2022-02-18 17:42:33,072 [Worker-35: Building] WARN  o.e.m.c.i.embedder.EclipseLogger - Using platform encoding (Cp1252 actually) to copy filtered resources, i.e. build is platform dependent!
2022-02-18 17:42:33,073 [Worker-35: Building] INFO  o.e.m.c.i.embedder.EclipseLogger - Copying 0 resource
2022-02-18 17:42:33,074 [Worker-35: Building] WARN  o.e.m.c.i.embedder.EclipseLogger - Using platform encoding (Cp1252 actually) to copy filtered resources, i.e. build is platform dependent!
2022-02-18 17:42:33,075 [Worker-35: Building] INFO  o.e.m.c.i.embedder.EclipseLogger - Copying 0 resource
2022-02-18 17:47:19,551 [Worker-32: Building] WARN  o.e.m.c.i.embedder.EclipseLogger - Using platform encoding (Cp1252 actually) to copy filtered resources, i.e. build is platform dependent!
2022-02-18 17:47:19,552 [Worker-32: Building] INFO  o.e.m.c.i.embedder.EclipseLogger - Copying 0 resource
2022-02-18 17:47:19,553 [Worker-32: Building] WARN  o.e.m.c.i.embedder.EclipseLogger - Using platform encoding (Cp1252 actually) to copy filtered resources, i.e. build is platform dependent!
2022-02-18 17:47:19,553 [Worker-32: Building] INFO  o.e.m.c.i.embedder.EclipseLogger - Copying 0 resource
2022-02-18 17:47:40,495 [Worker-36: Building] WARN  o.e.m.c.i.embedder.EclipseLogger - Using platform encoding (Cp1252 actually) to copy filtered resources, i.e. build is platform dependent!
2022-02-18 17:47:40,496 [Worker-36: Building] INFO  o.e.m.c.i.embedder.EclipseLogger - Copying 0 resource
2022-02-18 17:47:40,497 [Worker-36: Building] WARN  o.e.m.c.i.embedder.EclipseLogger - Using platform encoding (Cp1252 actually) to copy filtered resources, i.e. build is platform dependent!
2022-02-18 17:47:40,498 [Worker-36: Building] INFO  o.e.m.c.i.embedder.EclipseLogger - Copying 0 resource
2022-02-18 17:49:12,357 [Worker-31: Building] WARN  o.e.m.c.i.embedder.EclipseLogger - Using platform encoding (Cp1252 actually) to copy filtered resources, i.e. build is platform dependent!
2022-02-18 17:49:12,357 [Worker-31: Building] INFO  o.e.m.c.i.embedder.EclipseLogger - Copying 0 resource
2022-02-18 17:49:12,358 [Worker-31: Building] WARN  o.e.m.c.i.embedder.EclipseLogger - Using platform encoding (Cp1252 actually) to copy filtered resources, i.e. build is platform dependent!
2022-02-18 17:49:12,358 [Worker-31: Building] INFO  o.e.m.c.i.embedder.EclipseLogger - Copying 0 resource
2022-02-18 17:50:21,911 [Worker-36: Building] WARN  o.e.m.c.i.embedder.EclipseLogger - Using platform encoding (Cp1252 actually) to copy filtered resources, i.e. build is platform dependent!
2022-02-18 17:50:21,912 [Worker-36: Building] INFO  o.e.m.c.i.embedder.EclipseLogger - Copying 0 resource
2022-02-18 17:50:21,914 [Worker-36: Building] WARN  o.e.m.c.i.embedder.EclipseLogger - Using platform encoding (Cp1252 actually) to copy filtered resources, i.e. build is platform dependent!
2022-02-18 17:50:21,915 [Worker-36: Building] INFO  o.e.m.c.i.embedder.EclipseLogger - Copying 0 resource
2022-02-18 17:50:55,798 [Worker-36: Building] WARN  o.e.m.c.i.embedder.EclipseLogger - Using platform encoding (Cp1252 actually) to copy filtered resources, i.e. build is platform dependent!
2022-02-18 17:50:55,800 [Worker-36: Building] INFO  o.e.m.c.i.embedder.EclipseLogger - Copying 0 resource
2022-02-18 17:50:55,806 [Worker-36: Building] WARN  o.e.m.c.i.embedder.EclipseLogger - Using platform encoding (Cp1252 actually) to copy filtered resources, i.e. build is platform dependent!
2022-02-18 17:50:55,807 [Worker-36: Building] INFO  o.e.m.c.i.embedder.EclipseLogger - Copying 0 resource
2022-02-18 17:52:25,166 [Worker-32: Building] WARN  o.e.m.c.i.embedder.EclipseLogger - Using platform encoding (Cp1252 actually) to copy filtered resources, i.e. build is platform dependent!
2022-02-18 17:52:25,167 [Worker-32: Building] INFO  o.e.m.c.i.embedder.EclipseLogger - Copying 0 resource
2022-02-18 17:52:25,168 [Worker-32: Building] WARN  o.e.m.c.i.embedder.EclipseLogger - Using platform encoding (Cp1252 actually) to copy filtered resources, i.e. build is platform dependent!
2022-02-18 17:52:25,169 [Worker-32: Building] INFO  o.e.m.c.i.embedder.EclipseLogger - Copying 0 resource
2022-02-18 17:53:34,259 [Worker-32: Building] WARN  o.e.m.c.i.embedder.EclipseLogger - Using platform encoding (Cp1252 actually) to copy filtered resources, i.e. build is platform dependent!
2022-02-18 17:53:34,259 [Worker-32: Building] INFO  o.e.m.c.i.embedder.EclipseLogger - Copying 0 resource
2022-02-18 17:53:34,261 [Worker-32: Building] WARN  o.e.m.c.i.embedder.EclipseLogger - Using platform encoding (Cp1252 actually) to copy filtered resources, i.e. build is platform dependent!
2022-02-18 17:53:34,261 [Worker-32: Building] INFO  o.e.m.c.i.embedder.EclipseLogger - Copying 0 resource
2022-02-18 17:54:27,150 [Worker-37: Building] WARN  o.e.m.c.i.embedder.EclipseLogger - Using platform encoding (Cp1252 actually) to copy filtered resources, i.e. build is platform dependent!
2022-02-18 17:54:27,151 [Worker-37: Building] INFO  o.e.m.c.i.embedder.EclipseLogger - Copying 0 resource
2022-02-18 17:54:27,151 [Worker-37: Building] WARN  o.e.m.c.i.embedder.EclipseLogger - Using platform encoding (Cp1252 actually) to copy filtered resources, i.e. build is platform dependent!
2022-02-18 17:54:27,151 [Worker-37: Building] INFO  o.e.m.c.i.embedder.EclipseLogger - Copying 0 resource
2022-02-18 17:55:20,686 [Worker-38: Building] WARN  o.e.m.c.i.embedder.EclipseLogger - Using platform encoding (Cp1252 actually) to copy filtered resources, i.e. build is platform dependent!
2022-02-18 17:55:20,687 [Worker-38: Building] INFO  o.e.m.c.i.embedder.EclipseLogger - Copying 0 resource
2022-02-18 17:55:20,688 [Worker-38: Building] WARN  o.e.m.c.i.embedder.EclipseLogger - Using platform encoding (Cp1252 actually) to copy filtered resources, i.e. build is platform dependent!
2022-02-18 17:55:20,688 [Worker-38: Building] INFO  o.e.m.c.i.embedder.EclipseLogger - Copying 0 resource
2022-02-18 17:55:29,765 [Worker-34: Building] WARN  o.e.m.c.i.embedder.EclipseLogger - Using platform encoding (Cp1252 actually) to copy filtered resources, i.e. build is platform dependent!
2022-02-18 17:55:29,765 [Worker-34: Building] INFO  o.e.m.c.i.embedder.EclipseLogger - Copying 0 resource
2022-02-18 17:55:29,766 [Worker-34: Building] WARN  o.e.m.c.i.embedder.EclipseLogger - Using platform encoding (Cp1252 actually) to copy filtered resources, i.e. build is platform dependent!
2022-02-18 17:55:29,766 [Worker-34: Building] INFO  o.e.m.c.i.embedder.EclipseLogger - Copying 0 resource
2022-02-18 17:56:16,185 [Worker-38: Building] WARN  o.e.m.c.i.embedder.EclipseLogger - Using platform encoding (Cp1252 actually) to copy filtered resources, i.e. build is platform dependent!
2022-02-18 17:56:16,186 [Worker-38: Building] INFO  o.e.m.c.i.embedder.EclipseLogger - Copying 0 resource
2022-02-18 17:56:16,187 [Worker-38: Building] WARN  o.e.m.c.i.embedder.EclipseLogger - Using platform encoding (Cp1252 actually) to copy filtered resources, i.e. build is platform dependent!
2022-02-18 17:56:16,188 [Worker-38: Building] INFO  o.e.m.c.i.embedder.EclipseLogger - Copying 0 resource
2022-02-18 17:56:22,023 [Worker-32: Building] WARN  o.e.m.c.i.embedder.EclipseLogger - Using platform encoding (Cp1252 actually) to copy filtered resources, i.e. build is platform dependent!
2022-02-18 17:56:22,023 [Worker-32: Building] INFO  o.e.m.c.i.embedder.EclipseLogger - Copying 0 resource
2022-02-18 17:56:22,025 [Worker-32: Building] WARN  o.e.m.c.i.embedder.EclipseLogger - Using platform encoding (Cp1252 actually) to copy filtered resources, i.e. build is platform dependent!
2022-02-18 17:56:22,025 [Worker-32: Building] INFO  o.e.m.c.i.embedder.EclipseLogger - Copying 0 resource
2022-02-18 17:56:40,689 [Worker-39: Launching BetterLinkedListTest] WARN  o.e.m.c.i.embedder.EclipseLogger - Using platform encoding (Cp1252 actually) to copy filtered resources, i.e. build is platform dependent!
2022-02-18 17:56:40,690 [Worker-39: Launching BetterLinkedListTest] INFO  o.e.m.c.i.embedder.EclipseLogger - Copying 0 resource
2022-02-18 17:56:40,691 [Worker-39: Launching BetterLinkedListTest] WARN  o.e.m.c.i.embedder.EclipseLogger - Using platform encoding (Cp1252 actually) to copy filtered resources, i.e. build is platform dependent!
2022-02-18 17:56:40,691 [Worker-39: Launching BetterLinkedListTest] INFO  o.e.m.c.i.embedder.EclipseLogger - Copying 0 resource
2022-02-22 10:27:23,456 [Worker-5: Loading available Gradle versions] INFO  o.e.b.c.i.u.g.PublishedGradleVersions - Gradle version information cache is out-of-date. Trying to update.
2022-04-07 13:29:49,818 [Worker-8: Loading available Gradle versions] INFO  o.e.b.c.i.u.g.PublishedGradleVersions - Gradle version information cache is out-of-date. Trying to update.
2022-04-07 13:31:51,852 [Worker-1: Building] WARN  o.e.m.c.i.embedder.EclipseLogger - Using platform encoding (Cp1252 actually) to copy filtered resources, i.e. build is platform dependent!
2022-04-07 13:31:51,853 [Worker-1: Building] INFO  o.e.m.c.i.embedder.EclipseLogger - skip non existing resourceDirectory D:\Revature\git_repos\2112-dec13-java-enterprise\10-whiteboard-projects\ArmStrongWhiteboard\src\main\resources
2022-04-07 13:31:51,855 [Worker-1: Building] WARN  o.e.m.c.i.embedder.EclipseLogger - Using platform encoding (Cp1252 actually) to copy filtered resources, i.e. build is platform dependent!
2022-04-07 13:31:51,856 [Worker-1: Building] INFO  o.e.m.c.i.embedder.EclipseLogger - skip non existing resourceDirectory D:\Revature\git_repos\2112-dec13-java-enterprise\10-whiteboard-projects\ArmStrongWhiteboard\src\test\resources
2022-04-07 13:31:53,147 [Worker-1: Building] WARN  o.e.m.c.i.embedder.EclipseLogger - Using platform encoding (Cp1252 actually) to copy filtered resources, i.e. build is platform dependent!
2022-04-07 13:31:53,147 [Worker-1: Building] INFO  o.e.m.c.i.embedder.EclipseLogger - skip non existing resourceDirectory D:\Revature\git_repos\2112-dec13-java-enterprise\10-whiteboard-projects\FizzBuzzWhiteboard\src\main\resources
2022-04-07 13:31:53,148 [Worker-1: Building] WARN  o.e.m.c.i.embedder.EclipseLogger - Using platform encoding (Cp1252 actually) to copy filtered resources, i.e. build is platform dependent!
2022-04-07 13:31:53,149 [Worker-1: Building] INFO  o.e.m.c.i.embedder.EclipseLogger - skip non existing resourceDirectory D:\Revature\git_repos\2112-dec13-java-enterprise\10-whiteboard-projects\FizzBuzzWhiteboard\src\test\resources
2022-04-07 13:57:10,652 [Worker-5: Loading available Gradle versions] INFO  o.e.b.c.i.u.g.PublishedGradleVersions - Gradle version information cache is up-to-date. Trying to read.
2022-04-07 13:59:50,175 [Worker-7: Loading available Gradle versions] INFO  o.e.b.c.i.u.g.PublishedGradleVersions - Gradle version information cache is up-to-date. Trying to read.
2022-04-07 13:59:53,631 [Worker-0: Building] WARN  o.e.m.c.i.embedder.EclipseLogger - Using platform encoding (Cp1252 actually) to copy filtered resources, i.e. build is platform dependent!
2022-04-07 13:59:53,640 [Worker-0: Building] INFO  o.e.m.c.i.embedder.EclipseLogger - Copying 0 resource
2022-04-07 13:59:53,643 [Worker-0: Building] WARN  o.e.m.c.i.embedder.EclipseLogger - Using platform encoding (Cp1252 actually) to copy filtered resources, i.e. build is platform dependent!
2022-04-07 13:59:53,644 [Worker-0: Building] INFO  o.e.m.c.i.embedder.EclipseLogger - Copying 0 resource
2022-04-07 14:01:27,454 [Worker-1: Building] INFO  o.e.m.c.i.l.LifecycleMappingFactory - Using org.eclipse.m2e.jdt.JarLifecycleMapping lifecycle mapping for MavenProject: example:FizzBuzzWhiteboard:0.0.1-SNAPSHOT @ D:\Revature\git_repos\10-whiteboard-projects\FizzBuzzWhiteboard\pom.xml.
2022-04-07 14:01:29,672 [Worker-1: Building] WARN  o.e.m.c.i.embedder.EclipseLogger - Using platform encoding (Cp1252 actually) to copy filtered resources, i.e. build is platform dependent!
2022-04-07 14:01:29,673 [Worker-1: Building] INFO  o.e.m.c.i.embedder.EclipseLogger - skip non existing resourceDirectory D:\Revature\git_repos\10-whiteboard-projects\FizzBuzzWhiteboard\src\main\resources
2022-04-07 14:01:29,674 [Worker-1: Building] WARN  o.e.m.c.i.embedder.EclipseLogger - Using platform encoding (Cp1252 actually) to copy filtered resources, i.e. build is platform dependent!
2022-04-07 14:01:29,674 [Worker-1: Building] INFO  o.e.m.c.i.embedder.EclipseLogger - skip non existing resourceDirectory D:\Revature\git_repos\10-whiteboard-projects\FizzBuzzWhiteboard\src\test\resources
2022-04-07 14:01:30,656 [Worker-5: Updating Maven Dependencies] INFO  o.e.m.c.i.l.LifecycleMappingFactory - Using org.eclipse.m2e.jdt.JarLifecycleMapping lifecycle mapping for MavenProject: example:FizzBuzzWhiteboard:0.0.1-SNAPSHOT @ D:\Revature\git_repos\10-whiteboard-projects\FizzBuzzWhiteboard\pom.xml.
2022-04-07 14:01:31,121 [Worker-11: Building] WARN  o.e.m.c.i.embedder.EclipseLogger - Using platform encoding (Cp1252 actually) to copy filtered resources, i.e. build is platform dependent!
2022-04-07 14:01:31,121 [Worker-11: Building] INFO  o.e.m.c.i.embedder.EclipseLogger - skip non existing resourceDirectory D:\Revature\git_repos\10-whiteboard-projects\FizzBuzzWhiteboard\src\main\resources
2022-04-07 14:01:31,122 [Worker-11: Building] WARN  o.e.m.c.i.embedder.EclipseLogger - Using platform encoding (Cp1252 actually) to copy filtered resources, i.e. build is platform dependent!
2022-04-07 14:01:31,123 [Worker-11: Building] INFO  o.e.m.c.i.embedder.EclipseLogger - skip non existing resourceDirectory D:\Revature\git_repos\10-whiteboard-projects\FizzBuzzWhiteboard\src\test\resources
2022-04-07 14:01:56,865 [Worker-0: Building] INFO  o.e.m.c.i.l.LifecycleMappingFactory - Using org.eclipse.m2e.jdt.JarLifecycleMapping lifecycle mapping for MavenProject: example:ArmStrongWhiteboard:0.0.1-SNAPSHOT @ D:\Revature\git_repos\10-whiteboard-projects\ArmStrongWhiteboard\pom.xml.
2022-04-07 14:01:57,133 [Worker-0: Building] WARN  o.e.m.c.i.embedder.EclipseLogger - Using platform encoding (Cp1252 actually) to copy filtered resources, i.e. build is platform dependent!
2022-04-07 14:01:57,133 [Worker-0: Building] INFO  o.e.m.c.i.embedder.EclipseLogger - skip non existing resourceDirectory D:\Revature\git_repos\10-whiteboard-projects\ArmStrongWhiteboard\src\main\resources
2022-04-07 14:01:57,134 [Worker-0: Building] WARN  o.e.m.c.i.embedder.EclipseLogger - Using platform encoding (Cp1252 actually) to copy filtered resources, i.e. build is platform dependent!
2022-04-07 14:01:57,134 [Worker-0: Building] INFO  o.e.m.c.i.embedder.EclipseLogger - skip non existing resourceDirectory D:\Revature\git_repos\10-whiteboard-projects\ArmStrongWhiteboard\src\test\resources
2022-04-07 14:01:57,304 [Worker-6: Building] WARN  o.e.m.c.i.embedder.EclipseLogger - Using platform encoding (Cp1252 actually) to copy filtered resources, i.e. build is platform dependent!
2022-04-07 14:01:57,304 [Worker-6: Building] INFO  o.e.m.c.i.embedder.EclipseLogger - skip non existing resourceDirectory D:\Revature\git_repos\10-whiteboard-projects\ArmStrongWhiteboard\src\main\resources
2022-04-07 14:01:57,305 [Worker-6: Building] WARN  o.e.m.c.i.embedder.EclipseLogger - Using platform encoding (Cp1252 actually) to copy filtered resources, i.e. build is platform dependent!
2022-04-07 14:01:57,305 [Worker-6: Building] INFO  o.e.m.c.i.embedder.EclipseLogger - skip non existing resourceDirectory D:\Revature\git_repos\10-whiteboard-projects\ArmStrongWhiteboard\src\test\resources
2022-04-07 14:01:57,720 [Worker-6: Updating Maven Dependencies] INFO  o.e.m.c.i.l.LifecycleMappingFactory - Using org.eclipse.m2e.jdt.JarLifecycleMapping lifecycle mapping for MavenProject: example:ArmStrongWhiteboard:0.0.1-SNAPSHOT @ D:\Revature\git_repos\10-whiteboard-projects\ArmStrongWhiteboard\pom.xml.
2022-04-07 14:01:58,428 [Worker-10: Building] WARN  o.e.m.c.i.embedder.EclipseLogger - Using platform encoding (Cp1252 actually) to copy filtered resources, i.e. build is platform dependent!
2022-04-07 14:01:58,428 [Worker-10: Building] INFO  o.e.m.c.i.embedder.EclipseLogger - skip non existing resourceDirectory D:\Revature\git_repos\10-whiteboard-projects\ArmStrongWhiteboard\src\main\resources
2022-04-07 14:01:58,430 [Worker-10: Building] WARN  o.e.m.c.i.embedder.EclipseLogger - Using platform encoding (Cp1252 actually) to copy filtered resources, i.e. build is platform dependent!
2022-04-07 14:01:58,431 [Worker-10: Building] INFO  o.e.m.c.i.embedder.EclipseLogger - skip non existing resourceDirectory D:\Revature\git_repos\10-whiteboard-projects\ArmStrongWhiteboard\src\test\resources
2022-04-07 14:03:16,913 [Worker-6: Loading available Gradle versions] INFO  o.e.b.c.i.u.g.PublishedGradleVersions - Gradle version information cache is up-to-date. Trying to read.
2022-04-07 14:04:36,390 [Worker-4: Importing Maven projects] INFO  o.e.m.c.i.l.LifecycleMappingFactory - Using org.eclipse.m2e.jdt.JarLifecycleMapping lifecycle mapping for MavenProject: example:FizzBuzzWhiteboard:0.0.1-SNAPSHOT @ D:\Revature\git_repos\Challenges\FizzBuzz\pom.xml.
2022-04-07 14:04:36,865 [Worker-4: Importing Maven projects] INFO  o.e.m.j.i.AbstractJavaProjectConfigurator - Adding source folder /FizzBuzz/src/main/java
2022-04-07 14:04:36,866 [Worker-4: Importing Maven projects] INFO  o.e.m.j.i.AbstractJavaProjectConfigurator - Adding source folder /FizzBuzz/src/test/java
2022-04-07 14:04:36,894 [Worker-4: Importing Maven projects] INFO  o.e.m.c.i.p.ProjectConfigurationManager - Imported and configured 1 project(s) in 1 sec
2022-04-07 14:04:37,349 [Worker-7: Building] WARN  o.e.m.c.i.embedder.EclipseLogger - Using platform encoding (Cp1252 actually) to copy filtered resources, i.e. build is platform dependent!
2022-04-07 14:04:37,350 [Worker-7: Building] INFO  o.e.m.c.i.embedder.EclipseLogger - skip non existing resourceDirectory D:\Revature\git_repos\Challenges\FizzBuzz\src\main\resources
2022-04-07 14:04:37,351 [Worker-7: Building] WARN  o.e.m.c.i.embedder.EclipseLogger - Using platform encoding (Cp1252 actually) to copy filtered resources, i.e. build is platform dependent!
2022-04-07 14:04:37,352 [Worker-7: Building] INFO  o.e.m.c.i.embedder.EclipseLogger - skip non existing resourceDirectory D:\Revature\git_repos\Challenges\FizzBuzz\src\test\resources
2022-04-07 14:04:48,657 [Worker-6: Importing Maven projects] INFO  o.e.m.c.i.l.LifecycleMappingFactory - Using org.eclipse.m2e.jdt.JarLifecycleMapping lifecycle mapping for MavenProject: example:ArmStrongWhiteboard:0.0.1-SNAPSHOT @ D:\Revature\git_repos\Challenges\ArmStrong\pom.xml.
2022-04-07 14:04:48,940 [Worker-6: Importing Maven projects] INFO  o.e.m.j.i.AbstractJavaProjectConfigurator - Adding source folder /ArmStrong/src/main/java
2022-04-07 14:04:48,940 [Worker-6: Importing Maven projects] INFO  o.e.m.j.i.AbstractJavaProjectConfigurator - Adding source folder /ArmStrong/src/test/java
2022-04-07 14:04:48,953 [Worker-6: Importing Maven projects] INFO  o.e.m.c.i.p.ProjectConfigurationManager - Imported and configured 1 project(s) in 0 sec
2022-04-07 14:04:49,135 [Worker-7: Building] WARN  o.e.m.c.i.embedder.EclipseLogger - Using platform encoding (Cp1252 actually) to copy filtered resources, i.e. build is platform dependent!
2022-04-07 14:04:49,136 [Worker-7: Building] INFO  o.e.m.c.i.embedder.EclipseLogger - skip non existing resourceDirectory D:\Revature\git_repos\Challenges\ArmStrong\src\main\resources
2022-04-07 14:04:49,137 [Worker-7: Building] WARN  o.e.m.c.i.embedder.EclipseLogger - Using platform encoding (Cp1252 actually) to copy filtered resources, i.e. build is platform dependent!
2022-04-07 14:04:49,137 [Worker-7: Building] INFO  o.e.m.c.i.embedder.EclipseLogger - skip non existing resourceDirectory D:\Revature\git_repos\Challenges\ArmStrong\src\test\resources
2022-04-07 14:06:53,152 [Worker-2: Building] WARN  o.e.m.c.i.embedder.EclipseLogger - Using platform encoding (Cp1252 actually) to copy filtered resources, i.e. build is platform dependent!
2022-04-07 14:06:53,153 [Worker-2: Building] INFO  o.e.m.c.i.embedder.EclipseLogger - skip non existing resourceDirectory D:\Revature\git_repos\Challenges\ArmStrong\src\main\resources
2022-04-07 14:06:53,154 [Worker-2: Building] WARN  o.e.m.c.i.embedder.EclipseLogger - Using platform encoding (Cp1252 actually) to copy filtered resources, i.e. build is platform dependent!
2022-04-07 14:06:53,154 [Worker-2: Building] INFO  o.e.m.c.i.embedder.EclipseLogger - skip non existing resourceDirectory D:\Revature\git_repos\Challenges\ArmStrong\src\test\resources
2022-04-07 14:06:53,161 [Worker-2: Building] WARN  o.e.m.c.i.embedder.EclipseLogger - Using platform encoding (Cp1252 actually) to copy filtered resources, i.e. build is platform dependent!
2022-04-07 14:06:53,161 [Worker-2: Building] INFO  o.e.m.c.i.embedder.EclipseLogger - skip non existing resourceDirectory D:\Revature\git_repos\Challenges\FizzBuzz\src\main\resources
2022-04-07 14:06:53,162 [Worker-2: Building] WARN  o.e.m.c.i.embedder.EclipseLogger - Using platform encoding (Cp1252 actually) to copy filtered resources, i.e. build is platform dependent!
2022-04-07 14:06:53,163 [Worker-2: Building] INFO  o.e.m.c.i.embedder.EclipseLogger - skip non existing resourceDirectory D:\Revature\git_repos\Challenges\FizzBuzz\src\test\resources
2022-04-07 14:06:53,169 [Worker-2: Building] WARN  o.e.m.c.i.embedder.EclipseLogger - Using platform encoding (Cp1252 actually) to copy filtered resources, i.e. build is platform dependent!
2022-04-07 14:06:53,170 [Worker-2: Building] INFO  o.e.m.c.i.embedder.EclipseLogger - skip non existing resourceDirectory D:\Revature\git_repos\Challenges\tdd\src\main\resources
2022-04-07 14:06:53,171 [Worker-2: Building] WARN  o.e.m.c.i.embedder.EclipseLogger - Using platform encoding (Cp1252 actually) to copy filtered resources, i.e. build is platform dependent!
2022-04-07 14:06:53,171 [Worker-2: Building] INFO  o.e.m.c.i.embedder.EclipseLogger - skip non existing resourceDirectory D:\Revature\git_repos\Challenges\tdd\src\test\resources
